[33mStarting backend server on http://localhost:8000(B[m
cd backend && uv run uvicorn api:app --reload --host 0.0.0.0 --port 8000
   Building suna-bim @ file:///teamspace/studios/this_studio/comprehensive-suna-bim-agent/backend
Downloading mypy (13.0MiB)
  × Failed to build `suna-bim @
  │ file:///teamspace/studios/this_studio/comprehensive-suna-bim-agent/backend`
  ├─▶ The build backend returned an error
  ╰─▶ Call to `hatchling.build.build_editable` failed (exit status: 1)

      [stderr]
      Traceback (most recent call last):
        File "<string>", line 11, in <module>
        File
      "/system/conda/miniconda3/uv/cache/builds-v0/.tmpSHBRpQ/lib/python3.12/site-packages/hatchling/build.py",
      line 83, in build_editable
          return os.path.basename(next(builder.build(directory=wheel_directory,
      versions=["editable"])))
      
      ^^^^^^^^^^^^^^^^^^^^^^^^^^^^^^^^^^^^^^^^^^^^^^^^^^^^^^^^^^^^^^^^^^^^^
        File
      "/system/conda/miniconda3/uv/cache/builds-v0/.tmpSHBRpQ/lib/python3.12/site-packages/hatchling/builders/plugin/interface.py",
      line 157, in build
          artifact = version_api[version](directory, **build_data)
                     ^^^^^^^^^^^^^^^^^^^^^^^^^^^^^^^^^^^^^^^^^^^^^
        File
      "/system/conda/miniconda3/uv/cache/builds-v0/.tmpSHBRpQ/lib/python3.12/site-packages/hatchling/builders/wheel.py",
      line 524, in build_editable
          return self.build_editable_detection(directory, **build_data)
                 ^^^^^^^^^^^^^^^^^^^^^^^^^^^^^^^^^^^^^^^^^^^^^^^^^^^^^^
        File
      "/system/conda/miniconda3/uv/cache/builds-v0/.tmpSHBRpQ/lib/python3.12/site-packages/hatchling/builders/wheel.py",
      line 536, in build_editable_detection
          for included_file in self.recurse_selected_project_files():
                               ^^^^^^^^^^^^^^^^^^^^^^^^^^^^^^^^^^^^^
        File
      "/system/conda/miniconda3/uv/cache/builds-v0/.tmpSHBRpQ/lib/python3.12/site-packages/hatchling/builders/plugin/interface.py",
      line 182, in recurse_selected_project_files
          if self.config.only_include:
             ^^^^^^^^^^^^^^^^^^^^^^^^
        File
      "/system/conda/miniconda3/uv/python/cpython-3.12.11-linux-x86_64-gnu/lib/python3.12/functools.py",
      line 998, in __get__
          val = self.func(instance)
                ^^^^^^^^^^^^^^^^^^^
        File
      "/system/conda/miniconda3/uv/cache/builds-v0/.tmpSHBRpQ/lib/python3.12/site-packages/hatchling/builders/config.py",
      line 715, in only_include
          only_include = only_include_config.get("only-include",
      self.default_only_include()) or self.packages
      
      ^^^^^^^^^^^^^^^^^^^^^^^^^^^
        File
      "/system/conda/miniconda3/uv/cache/builds-v0/.tmpSHBRpQ/lib/python3.12/site-packages/hatchling/builders/wheel.py",
      line 270, in default_only_include
          return self.default_file_selection_options.only_include
                 ^^^^^^^^^^^^^^^^^^^^^^^^^^^^^^^^^^^
        File
      "/system/conda/miniconda3/uv/python/cpython-3.12.11-linux-x86_64-gnu/lib/python3.12/functools.py",
      line 998, in __get__
          val = self.func(instance)
                ^^^^^^^^^^^^^^^^^^^
        File
      "/system/conda/miniconda3/uv/cache/builds-v0/.tmpSHBRpQ/lib/python3.12/site-packages/hatchling/builders/wheel.py",
      line 258, in default_file_selection_options
          raise ValueError(message)
      ValueError: Unable to determine which files to ship
      inside the wheel using the following heuristics:
      https://hatch.pypa.io/latest/plugins/builder/wheel/#default-file-selection

      The most likely cause of this is that there is no directory that matches
      the name of your project (suna_bim).

      At least one file selection option must be defined
      in the `tool.hatch.build.targets.wheel` table, see:
      https://hatch.pypa.io/latest/config/build/

      As an example, if you intend to ship a directory named `foo` that
      resides within a `src` directory located at the root of your project,
      you can define the following:

      [tool.hatch.build.targets.wheel]
      packages = ["src/foo"]

      hint: This usually indicates a problem with the package or the build
      environment.
make: *** [Makefile:75: dev-backend] Error 1
